TN:
SF:src/customerOperations.ts
FN:6,<instance_members_initializer>
FN:8,CustomerOperations
FN:12,add
FN:24,delete
FN:33,update
FN:42,search
FN:50,searchBy
FN:60,getCount
FN:64,getCustomers
FNF:9
FNH:9
FNDA:1,<instance_members_initializer>
FNDA:1,CustomerOperations
FNDA:8,add
FNDA:1,delete
FNDA:1,update
FNDA:3,search
FNDA:3,searchBy
FNDA:1,getCount
FNDA:4,getCustomers
DA:1,1
DA:2,1
DA:3,1
DA:4,1
DA:5,1
DA:6,1
DA:7,1
DA:8,1
DA:9,1
DA:10,1
DA:11,1
DA:12,1
DA:13,8
DA:14,8
DA:15,1
DA:16,1
DA:17,1
DA:18,7
DA:19,7
DA:20,7
DA:21,7
DA:22,7
DA:23,1
DA:24,1
DA:25,1
DA:26,2
DA:27,1
DA:28,1
DA:29,1
DA:30,1
DA:31,1
DA:32,1
DA:33,1
DA:34,1
DA:35,2
DA:36,1
DA:37,1
DA:38,1
DA:39,1
DA:40,1
DA:41,1
DA:42,1
DA:43,3
DA:44,3
DA:45,0
DA:46,0
DA:47,3
DA:48,3
DA:49,1
DA:50,1
DA:51,3
DA:52,3
DA:53,3
DA:54,3
DA:55,3
DA:56,15
DA:57,3
DA:58,3
DA:59,1
DA:60,1
DA:61,1
DA:62,1
DA:63,1
DA:64,1
DA:65,4
DA:66,4
DA:67,1
LF:67
LH:65
BRDA:6,0,0,1
BRDA:8,1,0,1
BRDA:12,2,0,8
BRDA:14,3,0,1
BRDA:18,4,0,7
BRDA:13,5,0,22
BRDA:13,6,0,1
BRDA:13,7,0,1
BRDA:20,8,0,7
BRDA:24,9,0,1
BRDA:25,10,0,2
BRDA:29,11,0,1
BRDA:33,12,0,1
BRDA:34,13,0,2
BRDA:35,14,0,1
BRDA:38,15,0,1
BRDA:42,16,0,3
BRDA:44,17,0,0
BRDA:50,18,0,3
BRDA:55,19,0,15
BRDA:56,20,0,14
BRDA:56,21,0,13
BRDA:60,22,0,1
BRDA:64,23,0,4
BRF:24
BRH:23
end_of_record
TN:
SF:src/furnitureOperations.ts
FN:6,<instance_members_initializer>
FN:8,FurnitureOperations
FN:12,add
FN:19,delete
FN:28,update
FN:37,search
FN:45,searchBy
FN:55,getCount
FN:59,getFurniture
FNF:9
FNH:9
FNDA:1,<instance_members_initializer>
FNDA:1,FurnitureOperations
FNDA:5,add
FNDA:1,delete
FNDA:2,update
FNDA:2,search
FNDA:2,searchBy
FNDA:1,getCount
FNDA:5,getFurniture
DA:1,1
DA:2,1
DA:3,1
DA:4,1
DA:5,1
DA:6,1
DA:7,1
DA:8,1
DA:9,1
DA:10,1
DA:11,1
DA:12,1
DA:13,5
DA:14,5
DA:15,5
DA:16,5
DA:17,5
DA:18,1
DA:19,1
DA:20,1
DA:21,2
DA:22,1
DA:23,1
DA:24,1
DA:25,1
DA:26,1
DA:27,1
DA:28,1
DA:29,2
DA:30,5
DA:31,2
DA:32,2
DA:33,2
DA:34,2
DA:35,2
DA:36,1
DA:37,1
DA:38,2
DA:39,2
DA:40,0
DA:41,0
DA:42,2
DA:43,2
DA:44,1
DA:45,1
DA:46,2
DA:47,2
DA:48,2
DA:49,2
DA:50,2
DA:51,8
DA:52,2
DA:53,2
DA:54,1
DA:55,1
DA:56,1
DA:57,1
DA:58,1
DA:59,1
DA:60,5
DA:61,5
DA:62,1
LF:62
LH:60
BRDA:6,0,0,1
BRDA:8,1,0,1
BRDA:12,2,0,5
BRDA:15,3,0,5
BRDA:19,4,0,1
BRDA:20,5,0,2
BRDA:24,6,0,1
BRDA:28,7,0,2
BRDA:29,8,0,5
BRDA:30,9,0,3
BRDA:33,10,0,2
BRDA:37,11,0,2
BRDA:39,12,0,0
BRDA:45,13,0,2
BRDA:50,14,0,8
BRDA:51,15,0,7
BRDA:55,16,0,1
BRDA:59,17,0,5
BRF:18
BRH:17
end_of_record
TN:
SF:src/stock.ts
FN:12,<instance_members_initializer>
FN:17,Stock
FN:26,registerSale
FN:74,registerPurchase
FN:110,getTransactionHistory
FN:121,getAvailableStockByFurnitureName
FN:127,getTransactionWithHighestAmount
FN:140,getCustomerWithHighestSpending
FNF:8
FNH:3
FNDA:5,<instance_members_initializer>
FNDA:5,Stock
FNDA:1,registerSale
FNDA:0,registerPurchase
FNDA:0,getTransactionHistory
FNDA:0,getAvailableStockByFurnitureName
FNDA:0,getTransactionWithHighestAmount
FNDA:0,getCustomerWithHighestSpending
DA:1,1
DA:2,1
DA:3,1
DA:4,1
DA:5,1
DA:6,1
DA:7,1
DA:8,1
DA:9,1
DA:10,1
DA:11,1
DA:12,1
DA:13,5
DA:14,5
DA:15,5
DA:16,5
DA:17,5
DA:18,5
DA:19,5
DA:20,5
DA:21,5
DA:22,5
DA:23,5
DA:24,5
DA:25,5
DA:26,5
DA:27,1
DA:28,1
DA:29,1
DA:30,1
DA:31,1
DA:32,1
DA:33,1
DA:34,1
DA:35,1
DA:36,2
DA:37,2
DA:38,2
DA:39,2
DA:40,2
DA:41,2
DA:42,2
DA:43,2
DA:44,0
DA:45,0
DA:46,2
DA:47,1
DA:48,1
DA:49,1
DA:50,0
DA:51,0
DA:52,0
DA:53,1
DA:54,1
DA:55,1
DA:56,1
DA:57,1
DA:58,1
DA:59,1
DA:60,1
DA:61,1
DA:62,1
DA:63,1
DA:64,1
DA:65,0
DA:66,0
DA:67,1
DA:68,1
DA:69,1
DA:70,1
DA:71,5
DA:72,5
DA:73,5
DA:74,5
DA:75,0
DA:76,0
DA:77,0
DA:78,0
DA:79,0
DA:80,0
DA:81,0
DA:82,0
DA:83,0
DA:84,0
DA:85,0
DA:86,0
DA:87,0
DA:88,0
DA:89,0
DA:90,0
DA:91,0
DA:92,0
DA:93,0
DA:94,0
DA:95,0
DA:96,0
DA:97,0
DA:98,0
DA:99,0
DA:100,0
DA:101,0
DA:102,0
DA:103,0
DA:104,0
DA:105,5
DA:106,5
DA:107,5
DA:108,5
DA:109,5
DA:110,5
DA:111,0
DA:112,0
DA:113,0
DA:114,0
DA:115,0
DA:116,0
DA:117,0
DA:118,5
DA:119,5
DA:120,5
DA:121,5
DA:122,0
DA:123,0
DA:124,0
DA:125,5
DA:126,5
DA:127,5
DA:128,0
DA:129,0
DA:130,0
DA:131,0
DA:132,0
DA:133,0
DA:134,0
DA:135,0
DA:136,0
DA:137,0
DA:138,5
DA:139,5
DA:140,5
DA:141,0
DA:142,0
DA:143,0
DA:144,0
DA:145,0
DA:146,0
DA:147,0
DA:148,0
DA:149,0
DA:150,0
DA:151,0
DA:152,0
DA:153,0
DA:154,0
DA:155,0
DA:156,0
DA:157,0
DA:158,0
DA:159,0
DA:160,0
DA:161,0
DA:162,0
DA:163,0
DA:164,0
DA:165,0
DA:166,0
DA:167,0
DA:168,0
DA:169,0
DA:170,0
DA:171,0
DA:172,0
DA:173,0
DA:174,0
DA:175,0
DA:176,0
DA:177,0
DA:178,0
DA:179,5
LF:179
LH:84
BRDA:12,0,0,5
BRDA:17,1,0,5
BRDA:18,2,0,3
BRDA:19,3,0,3
BRDA:26,4,0,1
BRDA:35,5,0,2
BRDA:43,6,0,0
BRDA:49,7,0,0
BRDA:36,8,0,3
BRDA:63,9,0,1
BRDA:64,10,0,0
BRF:11
BRH:8
end_of_record
TN:
SF:src/supplierOperations.ts
FN:6,<instance_members_initializer>
FN:8,SupplierOperations
FN:12,add
FN:24,delete
FN:33,update
FN:42,search
FN:50,searchBy
FN:60,getCount
FN:64,getSuppliers
FNF:9
FNH:9
FNDA:1,<instance_members_initializer>
FNDA:1,SupplierOperations
FNDA:8,add
FNDA:1,delete
FNDA:1,update
FNDA:3,search
FNDA:3,searchBy
FNDA:1,getCount
FNDA:4,getSuppliers
DA:1,1
DA:2,1
DA:3,1
DA:4,1
DA:5,1
DA:6,1
DA:7,1
DA:8,1
DA:9,1
DA:10,1
DA:11,1
DA:12,1
DA:13,8
DA:14,8
DA:15,1
DA:16,1
DA:17,1
DA:18,7
DA:19,7
DA:20,7
DA:21,7
DA:22,7
DA:23,1
DA:24,1
DA:25,1
DA:26,2
DA:27,1
DA:28,1
DA:29,1
DA:30,1
DA:31,1
DA:32,1
DA:33,1
DA:34,1
DA:35,2
DA:36,1
DA:37,1
DA:38,1
DA:39,1
DA:40,1
DA:41,1
DA:42,1
DA:43,3
DA:44,3
DA:45,0
DA:46,0
DA:47,3
DA:48,3
DA:49,1
DA:50,3
DA:51,3
DA:52,3
DA:53,3
DA:54,3
DA:55,3
DA:56,18
DA:57,3
DA:58,3
DA:59,1
DA:60,1
DA:61,1
DA:62,1
DA:63,1
DA:64,1
DA:65,4
DA:66,4
DA:67,1
LF:67
LH:65
BRDA:6,0,0,1
BRDA:8,1,0,1
BRDA:12,2,0,8
BRDA:14,3,0,1
BRDA:18,4,0,7
BRDA:13,5,0,19
BRDA:13,6,0,1
BRDA:13,7,0,1
BRDA:20,8,0,7
BRDA:24,9,0,1
BRDA:25,10,0,2
BRDA:29,11,0,1
BRDA:33,12,0,1
BRDA:34,13,0,2
BRDA:35,14,0,1
BRDA:38,15,0,1
BRDA:42,16,0,3
BRDA:44,17,0,0
BRDA:50,18,0,3
BRDA:55,19,0,18
BRDA:56,20,0,17
BRDA:56,21,0,16
BRDA:60,22,0,1
BRDA:64,23,0,4
BRF:24
BRH:23
end_of_record
