TN:
SF:src/stock.ts
FN:12,<instance_members_initializer>
FN:20,Stock
FN:31,addFurniture
FN:62,deleteFurniture
FN:80,updateFurniture
FN:120,searchFurnitureBy
FN:133,searchFurniture
FN:153,getFurnitureCount
FN:157,getFurniture
FN:164,getSuppliers
FN:171,addSupplier
FN:198,deleteSupplier
FN:216,searchSupplier
FN:239,searchSupplierBy
FN:256,updateSupplier
FN:292,getCustomers
FN:298,addCustomer
FN:329,deleteCustomer
FN:347,searchCustomer
FN:370,searchCustomerBy
FN:387,updateCustomer
FN:425,registerSale
FN:470,registerPurchase
FN:509,getTransactionHistory
FN:520,getAvailableStockByFurnitureName
FN:526,getTransactionWithHighestAmount
FN:539,getCustomerWithHighestSpending
FNF:27
FNH:9
FNDA:6,<instance_members_initializer>
FNDA:6,Stock
FNDA:0,addFurniture
FNDA:0,deleteFurniture
FNDA:0,updateFurniture
FNDA:0,searchFurnitureBy
FNDA:0,searchFurniture
FNDA:1,getFurnitureCount
FNDA:2,getFurniture
FNDA:1,getSuppliers
FNDA:0,addSupplier
FNDA:0,deleteSupplier
FNDA:0,searchSupplier
FNDA:0,searchSupplierBy
FNDA:0,updateSupplier
FNDA:1,getCustomers
FNDA:0,addCustomer
FNDA:0,deleteCustomer
FNDA:0,searchCustomer
FNDA:0,searchCustomerBy
FNDA:0,updateCustomer
FNDA:0,registerSale
FNDA:0,registerPurchase
FNDA:1,getTransactionHistory
FNDA:1,getAvailableStockByFurnitureName
FNDA:1,getTransactionWithHighestAmount
FNDA:0,getCustomerWithHighestSpending
DA:1,1
DA:2,1
DA:3,1
DA:4,1
DA:5,1
DA:6,1
DA:7,1
DA:8,1
DA:9,1
DA:10,1
DA:11,1
DA:12,1
DA:13,6
DA:14,6
DA:15,6
DA:16,6
DA:17,6
DA:18,6
DA:19,6
DA:20,6
DA:21,6
DA:22,6
DA:23,6
DA:24,6
DA:25,6
DA:26,6
DA:27,6
DA:28,6
DA:29,6
DA:30,6
DA:31,6
DA:32,0
DA:33,0
DA:34,0
DA:35,0
DA:36,0
DA:37,0
DA:38,0
DA:39,0
DA:40,0
DA:41,0
DA:42,0
DA:43,0
DA:44,0
DA:45,0
DA:46,0
DA:47,0
DA:48,0
DA:49,0
DA:50,0
DA:51,0
DA:52,0
DA:53,0
DA:54,0
DA:55,0
DA:56,0
DA:57,0
DA:58,6
DA:59,6
DA:60,6
DA:61,6
DA:62,6
DA:63,0
DA:64,0
DA:65,0
DA:66,0
DA:67,0
DA:68,0
DA:69,0
DA:70,0
DA:71,0
DA:72,0
DA:73,0
DA:74,0
DA:75,0
DA:76,6
DA:77,6
DA:78,6
DA:79,6
DA:80,6
DA:81,0
DA:82,0
DA:83,0
DA:84,0
DA:85,0
DA:86,0
DA:87,0
DA:88,0
DA:89,0
DA:90,0
DA:91,0
DA:92,0
DA:93,0
DA:94,0
DA:95,0
DA:96,0
DA:97,0
DA:98,0
DA:99,0
DA:100,0
DA:101,0
DA:102,0
DA:103,0
DA:104,0
DA:105,0
DA:106,0
DA:107,0
DA:108,0
DA:109,0
DA:110,0
DA:111,0
DA:112,0
DA:113,0
DA:114,0
DA:115,0
DA:116,6
DA:117,6
DA:118,6
DA:119,6
DA:120,6
DA:121,0
DA:122,0
DA:123,0
DA:124,0
DA:125,0
DA:126,0
DA:127,0
DA:128,0
DA:129,6
DA:130,6
DA:131,6
DA:132,6
DA:133,6
DA:134,0
DA:135,0
DA:136,0
DA:137,0
DA:138,0
DA:139,0
DA:140,0
DA:141,0
DA:142,0
DA:143,0
DA:144,0
DA:145,0
DA:146,0
DA:147,0
DA:148,0
DA:149,6
DA:150,6
DA:151,6
DA:152,6
DA:153,6
DA:154,1
DA:155,1
DA:156,6
DA:157,6
DA:158,2
DA:159,2
DA:160,6
DA:161,6
DA:162,6
DA:163,6
DA:164,6
DA:165,1
DA:166,1
DA:167,6
DA:168,6
DA:169,6
DA:170,6
DA:171,6
DA:172,0
DA:173,0
DA:174,0
DA:175,0
DA:176,0
DA:177,0
DA:178,0
DA:179,0
DA:180,0
DA:181,0
DA:182,0
DA:183,0
DA:184,0
DA:185,0
DA:186,0
DA:187,0
DA:188,0
DA:189,0
DA:190,0
DA:191,0
DA:192,0
DA:193,0
DA:194,6
DA:195,6
DA:196,6
DA:197,6
DA:198,6
DA:199,0
DA:200,0
DA:201,0
DA:202,0
DA:203,0
DA:204,0
DA:205,0
DA:206,0
DA:207,0
DA:208,0
DA:209,0
DA:210,0
DA:211,0
DA:212,6
DA:213,6
DA:214,6
DA:215,6
DA:216,6
DA:217,0
DA:218,0
DA:219,0
DA:220,0
DA:221,0
DA:222,0
DA:223,0
DA:224,0
DA:225,0
DA:226,0
DA:227,0
DA:228,0
DA:229,0
DA:230,0
DA:231,0
DA:232,6
DA:233,6
DA:234,6
DA:235,6
DA:236,6
DA:237,6
DA:238,6
DA:239,6
DA:240,0
DA:241,0
DA:242,0
DA:243,0
DA:244,0
DA:245,0
DA:246,0
DA:247,0
DA:248,0
DA:249,0
DA:250,0
DA:251,0
DA:252,6
DA:253,6
DA:254,6
DA:255,6
DA:256,6
DA:257,0
DA:258,0
DA:259,0
DA:260,0
DA:261,0
DA:262,0
DA:263,0
DA:264,0
DA:265,0
DA:266,0
DA:267,0
DA:268,0
DA:269,0
DA:270,0
DA:271,0
DA:272,0
DA:273,0
DA:274,0
DA:275,0
DA:276,0
DA:277,0
DA:278,0
DA:279,0
DA:280,0
DA:281,0
DA:282,0
DA:283,0
DA:284,0
DA:285,0
DA:286,0
DA:287,0
DA:288,6
DA:289,6
DA:290,6
DA:291,6
DA:292,6
DA:293,1
DA:294,1
DA:295,6
DA:296,6
DA:297,6
DA:298,6
DA:299,0
DA:300,0
DA:301,0
DA:302,0
DA:303,0
DA:304,0
DA:305,0
DA:306,0
DA:307,0
DA:308,0
DA:309,0
DA:310,0
DA:311,0
DA:312,0
DA:313,0
DA:314,0
DA:315,0
DA:316,0
DA:317,0
DA:318,0
DA:319,0
DA:320,0
DA:321,0
DA:322,0
DA:323,0
DA:324,0
DA:325,6
DA:326,6
DA:327,6
DA:328,6
DA:329,6
DA:330,0
DA:331,0
DA:332,0
DA:333,0
DA:334,0
DA:335,0
DA:336,0
DA:337,0
DA:338,0
DA:339,0
DA:340,0
DA:341,0
DA:342,0
DA:343,6
DA:344,6
DA:345,6
DA:346,6
DA:347,6
DA:348,0
DA:349,0
DA:350,0
DA:351,0
DA:352,0
DA:353,0
DA:354,0
DA:355,0
DA:356,0
DA:357,0
DA:358,0
DA:359,0
DA:360,0
DA:361,0
DA:362,0
DA:363,6
DA:364,6
DA:365,6
DA:366,6
DA:367,6
DA:368,6
DA:369,6
DA:370,6
DA:371,0
DA:372,0
DA:373,0
DA:374,0
DA:375,0
DA:376,0
DA:377,0
DA:378,0
DA:379,0
DA:380,0
DA:381,0
DA:382,0
DA:383,6
DA:384,6
DA:385,6
DA:386,6
DA:387,6
DA:388,0
DA:389,0
DA:390,0
DA:391,0
DA:392,0
DA:393,0
DA:394,0
DA:395,0
DA:396,0
DA:397,0
DA:398,0
DA:399,0
DA:400,0
DA:401,0
DA:402,0
DA:403,0
DA:404,0
DA:405,0
DA:406,0
DA:407,0
DA:408,0
DA:409,0
DA:410,0
DA:411,0
DA:412,0
DA:413,0
DA:414,0
DA:415,0
DA:416,0
DA:417,0
DA:418,0
DA:419,6
DA:420,6
DA:421,6
DA:422,6
DA:423,6
DA:424,6
DA:425,6
DA:426,0
DA:427,0
DA:428,0
DA:429,0
DA:430,0
DA:431,0
DA:432,0
DA:433,0
DA:434,0
DA:435,0
DA:436,0
DA:437,0
DA:438,0
DA:439,0
DA:440,0
DA:441,0
DA:442,0
DA:443,0
DA:444,0
DA:445,0
DA:446,0
DA:447,0
DA:448,0
DA:449,0
DA:450,0
DA:451,0
DA:452,0
DA:453,0
DA:454,0
DA:455,0
DA:456,0
DA:457,0
DA:458,0
DA:459,0
DA:460,0
DA:461,0
DA:462,0
DA:463,0
DA:464,0
DA:465,0
DA:466,0
DA:467,6
DA:468,6
DA:469,6
DA:470,6
DA:471,0
DA:472,0
DA:473,0
DA:474,0
DA:475,0
DA:476,0
DA:477,0
DA:478,0
DA:479,0
DA:480,0
DA:481,0
DA:482,0
DA:483,0
DA:484,0
DA:485,0
DA:486,0
DA:487,0
DA:488,0
DA:489,0
DA:490,0
DA:491,0
DA:492,0
DA:493,0
DA:494,0
DA:495,0
DA:496,0
DA:497,0
DA:498,0
DA:499,0
DA:500,0
DA:501,0
DA:502,0
DA:503,0
DA:504,6
DA:505,6
DA:506,6
DA:507,6
DA:508,6
DA:509,6
DA:510,1
DA:511,1
DA:512,1
DA:513,1
DA:514,1
DA:515,1
DA:516,1
DA:517,6
DA:518,6
DA:519,6
DA:520,6
DA:521,1
DA:522,1
DA:523,1
DA:524,6
DA:525,6
DA:526,6
DA:527,1
DA:528,1
DA:529,1
DA:530,1
DA:531,1
DA:532,1
DA:533,1
DA:534,0
DA:535,0
DA:536,1
DA:537,6
DA:538,6
DA:539,6
DA:540,0
DA:541,0
DA:542,0
DA:543,0
DA:544,0
DA:545,0
DA:546,0
DA:547,0
DA:548,0
DA:549,0
DA:550,0
DA:551,0
DA:552,0
DA:553,0
DA:554,0
DA:555,0
DA:556,0
DA:557,0
DA:558,0
DA:559,0
DA:560,0
DA:561,0
DA:562,0
DA:563,0
DA:564,0
DA:565,0
DA:566,0
DA:567,0
DA:568,0
DA:569,0
DA:570,0
DA:571,0
DA:572,0
DA:573,0
DA:574,0
DA:575,0
DA:576,0
DA:577,0
DA:578,6
LF:578
LH:177
BRDA:12,0,0,6
BRDA:20,1,0,6
BRDA:24,2,0,0
BRDA:25,3,0,0
BRDA:153,4,0,1
BRDA:157,5,0,2
BRDA:164,6,0,1
BRDA:292,7,0,1
BRDA:509,8,0,1
BRDA:520,9,0,1
BRDA:521,10,0,1
BRDA:526,11,0,1
BRDA:533,12,0,0
BRF:13
BRH:10
end_of_record
